{"/Users/flawson/projects/javascript/tech-tests/bank-tech-test/lib/bank.js": {"path":"/Users/flawson/projects/javascript/tech-tests/bank-tech-test/lib/bank.js","statementMap":{"0":{"start":{"line":3,"column":2},"end":{"line":3,"column":25}},"1":{"start":{"line":4,"column":2},"end":{"line":4,"column":37}},"2":{"start":{"line":7,"column":0},"end":{"line":11,"column":2}},"3":{"start":{"line":8,"column":12},"end":{"line":8,"column":43}},"4":{"start":{"line":9,"column":2},"end":{"line":9,"column":28}},"5":{"start":{"line":10,"column":2},"end":{"line":10,"column":29}},"6":{"start":{"line":13,"column":0},"end":{"line":17,"column":2}},"7":{"start":{"line":14,"column":12},"end":{"line":14,"column":43}},"8":{"start":{"line":15,"column":2},"end":{"line":15,"column":28}},"9":{"start":{"line":16,"column":2},"end":{"line":16,"column":29}},"10":{"start":{"line":19,"column":0},"end":{"line":26,"column":2}},"11":{"start":{"line":20,"column":16},"end":{"line":20,"column":17}},"12":{"start":{"line":21,"column":2},"end":{"line":24,"column":3}},"13":{"start":{"line":22,"column":4},"end":{"line":22,"column":43}},"14":{"start":{"line":23,"column":4},"end":{"line":23,"column":42}},"15":{"start":{"line":25,"column":2},"end":{"line":25,"column":17}},"16":{"start":{"line":28,"column":0},"end":{"line":28,"column":25}}},"fnMap":{"0":{"name":"Account","decl":{"start":{"line":2,"column":9},"end":{"line":2,"column":16}},"loc":{"start":{"line":2,"column":48},"end":{"line":5,"column":1}},"line":2},"1":{"name":"(anonymous_1)","decl":{"start":{"line":7,"column":30},"end":{"line":7,"column":31}},"loc":{"start":{"line":7,"column":47},"end":{"line":11,"column":1}},"line":7},"2":{"name":"(anonymous_2)","decl":{"start":{"line":13,"column":29},"end":{"line":13,"column":30}},"loc":{"start":{"line":13,"column":46},"end":{"line":17,"column":1}},"line":13},"3":{"name":"(anonymous_3)","decl":{"start":{"line":19,"column":28},"end":{"line":19,"column":29}},"loc":{"start":{"line":19,"column":39},"end":{"line":26,"column":1}},"line":19}},"branchMap":{"0":{"loc":{"start":{"line":2,"column":17},"end":{"line":2,"column":46}},"type":"default-arg","locations":[{"start":{"line":2,"column":35},"end":{"line":2,"column":46}}],"line":2}},"s":{"0":1,"1":1,"2":1,"3":1,"4":1,"5":1,"6":1,"7":1,"8":1,"9":1,"10":1,"11":2,"12":2,"13":3,"14":3,"15":2,"16":1},"f":{"0":1,"1":1,"2":1,"3":2},"b":{"0":[0]},"_coverageSchema":"332fd63041d2c1bcb487cc26dd0d5f7d97098a6c","hash":"0de14d3e5a6a6d2cfcf76a56be48be4ea7fcbef9"}
,"/Users/flawson/projects/javascript/tech-tests/bank-tech-test/lib/statement.js": {"path":"/Users/flawson/projects/javascript/tech-tests/bank-tech-test/lib/statement.js","statementMap":{"0":{"start":{"line":3,"column":2},"end":{"line":3,"column":25}},"1":{"start":{"line":6,"column":0},"end":{"line":8,"column":2}},"2":{"start":{"line":7,"column":2},"end":{"line":7,"column":43}},"3":{"start":{"line":10,"column":0},"end":{"line":10,"column":27}}},"fnMap":{"0":{"name":"Statement","decl":{"start":{"line":2,"column":9},"end":{"line":2,"column":18}},"loc":{"start":{"line":2,"column":28},"end":{"line":4,"column":1}},"line":2},"1":{"name":"(anonymous_1)","decl":{"start":{"line":6,"column":28},"end":{"line":6,"column":29}},"loc":{"start":{"line":6,"column":39},"end":{"line":8,"column":1}},"line":6}},"branchMap":{},"s":{"0":1,"1":1,"2":1,"3":1},"f":{"0":1,"1":1},"b":{},"_coverageSchema":"332fd63041d2c1bcb487cc26dd0d5f7d97098a6c","hash":"3902e512e8c72234ce08988de718fbef606845e1"}
,"/Users/flawson/projects/javascript/tech-tests/bank-tech-test/lib/transaction.js": {"path":"/Users/flawson/projects/javascript/tech-tests/bank-tech-test/lib/transaction.js","statementMap":{"0":{"start":{"line":3,"column":2},"end":{"line":3,"column":25}},"1":{"start":{"line":4,"column":2},"end":{"line":4,"column":23}},"2":{"start":{"line":5,"column":2},"end":{"line":5,"column":21}},"3":{"start":{"line":6,"column":2},"end":{"line":6,"column":19}},"4":{"start":{"line":9,"column":0},"end":{"line":9,"column":29}}},"fnMap":{"0":{"name":"Transaction","decl":{"start":{"line":2,"column":9},"end":{"line":2,"column":20}},"loc":{"start":{"line":2,"column":36},"end":{"line":7,"column":1}},"line":2}},"branchMap":{},"s":{"0":2,"1":2,"2":2,"3":2,"4":1},"f":{"0":2},"b":{},"_coverageSchema":"332fd63041d2c1bcb487cc26dd0d5f7d97098a6c","hash":"589e8e738b27a3e1b2dd91a22a40f1646c807199"}
}
