TN:
SF:/Users/flawson/projects/javascript/tech-tests/bank-tech-test/lib/bank.js
FN:2,Account
FN:7,(anonymous_1)
FN:13,(anonymous_2)
FN:19,(anonymous_3)
FNF:4
FNH:4
FNDA:1,Account
FNDA:1,(anonymous_1)
FNDA:1,(anonymous_2)
FNDA:2,(anonymous_3)
DA:3,1
DA:4,1
DA:7,1
DA:8,1
DA:9,1
DA:10,1
DA:13,1
DA:14,1
DA:15,1
DA:16,1
DA:19,1
DA:20,2
DA:21,2
DA:22,3
DA:23,3
DA:25,2
DA:28,1
LF:17
LH:17
BRDA:2,0,0,0
BRF:1
BRH:0
end_of_record
TN:
SF:/Users/flawson/projects/javascript/tech-tests/bank-tech-test/lib/statement.js
FN:2,Statement
FN:6,(anonymous_1)
FNF:2
FNH:2
FNDA:1,Statement
FNDA:1,(anonymous_1)
DA:3,1
DA:6,1
DA:7,1
DA:10,1
LF:4
LH:4
BRF:0
BRH:0
end_of_record
TN:
SF:/Users/flawson/projects/javascript/tech-tests/bank-tech-test/lib/transaction.js
FN:2,Transaction
FNF:1
FNH:1
FNDA:2,Transaction
DA:3,2
DA:4,2
DA:5,2
DA:6,2
DA:9,1
LF:5
LH:5
BRF:0
BRH:0
end_of_record
